<?xml version="1.0" encoding="UTF-8"?>
<!-- Generated by org.testng.reporters.JUnitXMLReporter -->
<testsuite ignored="0" hostname="dtvinh" failures="0" tests="15" name="Command line test" time="120.716" errors="0" timestamp="2022-10-24T17:57:39 ICT">
  <testcase classname="TestCases.ElementsPagesTest.ButtonsTest" name="TC_001_Click_3Buttons_respectively" time="0.594"/>
  <testcase classname="TestCases.ElementsPagesTest.ButtonsTest" name="TC_002_Click_DoubleClick" time="0.168"/>
  <testcase classname="TestCases.ElementsPagesTest.ButtonsTest" name="TC_003_Click_RightClick" time="0.747"/>
  <testcase classname="TestCases.ElementsPagesTest.ButtonsTest" name="TC_004_Click_ClickMe" time="0.052"/>
  <testcase classname="TestCases.ElementsPagesTest.CheckBoxTest" name="TC_0001_Check_HomeBox_And_Verify_HomeBox_Checked" time="0.132"/>
  <testcase classname="TestCases.ElementsPagesTest.CheckBoxTest" name="TC_0002_CheckOfficeBox_And_Verify_OfficeBox_Checked" time="0.197"/>
  <testcase classname="TestCases.ElementsPagesTest.DynamicPropertiesTest" name="TC_001_verify_EnabledAfter5SButton" time="5.234"/>
  <testcase classname="TestCases.ElementsPagesTest.LinksTest" name="TC_001" time="0.346"/>
  <testcase classname="TestCases.ElementsPagesTest.RadioButtonTest" name="TC_001" time="0.433"/>
  <testcase classname="TestCases.ElementsPagesTest.TextBoxTest" name="TC_001_Submit_TextBox_with_fullInformation_Successfully" time="1.025"/>
  <testcase classname="TestCases.ElementsPagesTest.TextBoxTest" name="TC_002_Submit_TextBox_without_anyInformation_Successfully" time="0.115"/>
  <testcase classname="TestCases.ElementsPagesTest.TextBoxTest" name="TC_003_Cannot_Submit_TextBox_with_invalidEmailFormat" time="3.27"/>
  <testcase classname="TestCases.ElementsPagesTest.TextBoxTest" name="TC_004_Submit_TextBox_without_FullName_Successfully" time="0.58"/>
  <testcase classname="TestCases.ElementsPagesTest.UploadDownloadTest" name="TC_001_UploadFileSuccessfully" time="0.062"/>
  <testcase classname="TestCases.ElementsPagesTest.UploadDownloadTest" name="TC_002_DownloadFileSuccessfully" time="1.09"/>
</testsuite> <!-- Command line test -->
