<?xml version="1.0" encoding="UTF-8"?>
<testng-results ignored="0" total="15" passed="15" failed="0" skipped="0">
  <reporter-output>
  </reporter-output>
  <suite started-at="2022-10-24T17:55:38 ICT" name="Command line suite" finished-at="2022-10-24T17:57:38 ICT" duration-ms="120716">
    <groups>
    </groups>
    <test started-at="2022-10-24T17:55:38 ICT" name="Command line test" finished-at="2022-10-24T17:57:38 ICT" duration-ms="120716">
      <class name="TestCases.ElementsPagesTest.CheckBoxTest">
        <test-method is-config="true" signature="setupTest()[pri:0, instance:TestCases.ElementsPagesTest.CheckBoxTest@7674b62c]" started-at="2022-10-24T17:56:01 ICT" name="setupTest" finished-at="2022-10-24T17:56:10 ICT" duration-ms="8341" status="PASS">
          <reporter-output>
          </reporter-output>
        </test-method> <!-- setupTest -->
        <test-method signature="TC_0001_Check_HomeBox_And_Verify_HomeBox_Checked()[pri:0, instance:TestCases.ElementsPagesTest.CheckBoxTest@7674b62c]" started-at="2022-10-24T17:56:10 ICT" name="TC_0001_Check_HomeBox_And_Verify_HomeBox_Checked" finished-at="2022-10-24T17:56:10 ICT" duration-ms="132" status="PASS">
          <reporter-output>
          </reporter-output>
        </test-method> <!-- TC_0001_Check_HomeBox_And_Verify_HomeBox_Checked -->
        <test-method is-config="true" signature="refreshWindow()[pri:0, instance:TestCases.ElementsPagesTest.CheckBoxTest@7674b62c]" started-at="2022-10-24T17:56:10 ICT" name="refreshWindow" finished-at="2022-10-24T17:56:12 ICT" duration-ms="2277" status="PASS">
          <reporter-output>
          </reporter-output>
        </test-method> <!-- refreshWindow -->
        <test-method signature="TC_0002_CheckOfficeBox_And_Verify_OfficeBox_Checked()[pri:0, instance:TestCases.ElementsPagesTest.CheckBoxTest@7674b62c]" started-at="2022-10-24T17:56:12 ICT" name="TC_0002_CheckOfficeBox_And_Verify_OfficeBox_Checked" finished-at="2022-10-24T17:56:12 ICT" duration-ms="197" status="PASS">
          <reporter-output>
          </reporter-output>
        </test-method> <!-- TC_0002_CheckOfficeBox_And_Verify_OfficeBox_Checked -->
        <test-method is-config="true" signature="refreshWindow()[pri:0, instance:TestCases.ElementsPagesTest.CheckBoxTest@7674b62c]" started-at="2022-10-24T17:56:12 ICT" name="refreshWindow" finished-at="2022-10-24T17:56:13 ICT" duration-ms="821" status="PASS">
          <reporter-output>
          </reporter-output>
        </test-method> <!-- refreshWindow -->
        <test-method is-config="true" signature="closeBrowser()[pri:0, instance:TestCases.ElementsPagesTest.CheckBoxTest@7674b62c]" started-at="2022-10-24T17:56:13 ICT" name="closeBrowser" finished-at="2022-10-24T17:56:14 ICT" duration-ms="661" status="PASS">
          <reporter-output>
          </reporter-output>
        </test-method> <!-- closeBrowser -->
      </class> <!-- TestCases.ElementsPagesTest.CheckBoxTest -->
      <class name="TestCases.ElementsPagesTest.UploadDownloadTest">
        <test-method is-config="true" signature="setupTest()[pri:0, instance:TestCases.ElementsPagesTest.UploadDownloadTest@327af41b]" started-at="2022-10-24T17:57:23 ICT" name="setupTest" finished-at="2022-10-24T17:57:31 ICT" duration-ms="8087" status="PASS">
          <reporter-output>
          </reporter-output>
        </test-method> <!-- setupTest -->
        <test-method signature="TC_001_UploadFileSuccessfully()[pri:0, instance:TestCases.ElementsPagesTest.UploadDownloadTest@327af41b]" started-at="2022-10-24T17:57:31 ICT" name="TC_001_UploadFileSuccessfully" finished-at="2022-10-24T17:57:31 ICT" duration-ms="62" status="PASS">
          <reporter-output>
          </reporter-output>
        </test-method> <!-- TC_001_UploadFileSuccessfully -->
        <test-method is-config="true" signature="refreshWindow()[pri:0, instance:TestCases.ElementsPagesTest.UploadDownloadTest@327af41b]" started-at="2022-10-24T17:57:31 ICT" name="refreshWindow" finished-at="2022-10-24T17:57:36 ICT" duration-ms="4560" status="PASS">
          <reporter-output>
          </reporter-output>
        </test-method> <!-- refreshWindow -->
        <test-method signature="TC_002_DownloadFileSuccessfully()[pri:0, instance:TestCases.ElementsPagesTest.UploadDownloadTest@327af41b]" started-at="2022-10-24T17:57:36 ICT" name="TC_002_DownloadFileSuccessfully" finished-at="2022-10-24T17:57:37 ICT" duration-ms="1090" status="PASS">
          <reporter-output>
          </reporter-output>
        </test-method> <!-- TC_002_DownloadFileSuccessfully -->
        <test-method is-config="true" signature="refreshWindow()[pri:0, instance:TestCases.ElementsPagesTest.UploadDownloadTest@327af41b]" started-at="2022-10-24T17:57:37 ICT" name="refreshWindow" finished-at="2022-10-24T17:57:38 ICT" duration-ms="952" status="PASS">
          <reporter-output>
          </reporter-output>
        </test-method> <!-- refreshWindow -->
        <test-method is-config="true" signature="closeBrowser()[pri:0, instance:TestCases.ElementsPagesTest.UploadDownloadTest@327af41b]" started-at="2022-10-24T17:57:38 ICT" name="closeBrowser" finished-at="2022-10-24T17:57:38 ICT" duration-ms="498" status="PASS">
          <reporter-output>
          </reporter-output>
        </test-method> <!-- closeBrowser -->
      </class> <!-- TestCases.ElementsPagesTest.UploadDownloadTest -->
      <class name="TestCases.ElementsPagesTest.TextBoxTest">
        <test-method is-config="true" signature="setupTest()[pri:0, instance:TestCases.ElementsPagesTest.TextBoxTest@16b2bb0c]" started-at="2022-10-24T17:56:59 ICT" name="setupTest" finished-at="2022-10-24T17:57:08 ICT" duration-ms="9272" status="PASS">
          <reporter-output>
          </reporter-output>
        </test-method> <!-- setupTest -->
        <test-method signature="TC_001_Submit_TextBox_with_fullInformation_Successfully()[pri:0, instance:TestCases.ElementsPagesTest.TextBoxTest@16b2bb0c]" started-at="2022-10-24T17:57:08 ICT" name="TC_001_Submit_TextBox_with_fullInformation_Successfully" description="Verify can add submit a TextBox with full valid informations" finished-at="2022-10-24T17:57:09 ICT" duration-ms="1025" status="PASS">
          <reporter-output>
          </reporter-output>
        </test-method> <!-- TC_001_Submit_TextBox_with_fullInformation_Successfully -->
        <test-method is-config="true" signature="refreshWindow()[pri:0, instance:TestCases.ElementsPagesTest.TextBoxTest@16b2bb0c]" started-at="2022-10-24T17:57:09 ICT" name="refreshWindow" finished-at="2022-10-24T17:57:16 ICT" duration-ms="6890" status="PASS">
          <reporter-output>
          </reporter-output>
        </test-method> <!-- refreshWindow -->
        <test-method signature="TC_002_Submit_TextBox_without_anyInformation_Successfully()[pri:0, instance:TestCases.ElementsPagesTest.TextBoxTest@16b2bb0c]" started-at="2022-10-24T17:57:16 ICT" name="TC_002_Submit_TextBox_without_anyInformation_Successfully" description="Verify nothing happen when click submit without any information" finished-at="2022-10-24T17:57:16 ICT" duration-ms="115" status="PASS">
          <reporter-output>
          </reporter-output>
        </test-method> <!-- TC_002_Submit_TextBox_without_anyInformation_Successfully -->
        <test-method is-config="true" signature="refreshWindow()[pri:0, instance:TestCases.ElementsPagesTest.TextBoxTest@16b2bb0c]" started-at="2022-10-24T17:57:16 ICT" name="refreshWindow" finished-at="2022-10-24T17:57:16 ICT" duration-ms="22" status="PASS">
          <reporter-output>
          </reporter-output>
        </test-method> <!-- refreshWindow -->
        <test-method signature="TC_003_Cannot_Submit_TextBox_with_invalidEmailFormat()[pri:0, instance:TestCases.ElementsPagesTest.TextBoxTest@16b2bb0c]" started-at="2022-10-24T17:57:16 ICT" name="TC_003_Cannot_Submit_TextBox_with_invalidEmailFormat" description="Verify can not submit a TextBox with  invalid email format - Missing @ character" finished-at="2022-10-24T17:57:19 ICT" duration-ms="3270" status="PASS">
          <reporter-output>
          </reporter-output>
        </test-method> <!-- TC_003_Cannot_Submit_TextBox_with_invalidEmailFormat -->
        <test-method is-config="true" signature="refreshWindow()[pri:0, instance:TestCases.ElementsPagesTest.TextBoxTest@16b2bb0c]" started-at="2022-10-24T17:57:19 ICT" name="refreshWindow" finished-at="2022-10-24T17:57:21 ICT" duration-ms="1325" status="PASS">
          <reporter-output>
          </reporter-output>
        </test-method> <!-- refreshWindow -->
        <test-method signature="TC_004_Submit_TextBox_without_FullName_Successfully()[pri:0, instance:TestCases.ElementsPagesTest.TextBoxTest@16b2bb0c]" started-at="2022-10-24T17:57:21 ICT" name="TC_004_Submit_TextBox_without_FullName_Successfully" description="Verify can add a TextBox without FullName" finished-at="2022-10-24T17:57:21 ICT" duration-ms="580" status="PASS">
          <reporter-output>
          </reporter-output>
        </test-method> <!-- TC_004_Submit_TextBox_without_FullName_Successfully -->
        <test-method is-config="true" signature="refreshWindow()[pri:0, instance:TestCases.ElementsPagesTest.TextBoxTest@16b2bb0c]" started-at="2022-10-24T17:57:21 ICT" name="refreshWindow" finished-at="2022-10-24T17:57:22 ICT" duration-ms="1162" status="PASS">
          <reporter-output>
          </reporter-output>
        </test-method> <!-- refreshWindow -->
        <test-method is-config="true" signature="closeBrowser()[pri:0, instance:TestCases.ElementsPagesTest.TextBoxTest@16b2bb0c]" started-at="2022-10-24T17:57:22 ICT" name="closeBrowser" finished-at="2022-10-24T17:57:23 ICT" duration-ms="715" status="PASS">
          <reporter-output>
          </reporter-output>
        </test-method> <!-- closeBrowser -->
      </class> <!-- TestCases.ElementsPagesTest.TextBoxTest -->
      <class name="TestCases.ElementsPagesTest.ButtonsTest">
        <test-method is-config="true" signature="setupTest()[pri:0, instance:TestCases.ElementsPagesTest.ButtonsTest@df6620a]" started-at="2022-10-24T17:55:38 ICT" name="setupTest" finished-at="2022-10-24T17:55:49 ICT" duration-ms="11031" status="PASS">
          <reporter-output>
          </reporter-output>
        </test-method> <!-- setupTest -->
        <test-method signature="TC_001_Click_3Buttons_respectively()[pri:0, instance:TestCases.ElementsPagesTest.ButtonsTest@df6620a]" started-at="2022-10-24T17:55:49 ICT" name="TC_001_Click_3Buttons_respectively" description="Click 3 buttons &#039;Double Click Me&#039;, &#039;Right Click Me&#039;, and &#039;Click Me&#039; respectively and verify all of them selected " finished-at="2022-10-24T17:55:49 ICT" duration-ms="594" status="PASS">
          <reporter-output>
          </reporter-output>
        </test-method> <!-- TC_001_Click_3Buttons_respectively -->
        <test-method is-config="true" signature="refreshWindow()[pri:0, instance:TestCases.ElementsPagesTest.ButtonsTest@df6620a]" started-at="2022-10-24T17:55:49 ICT" name="refreshWindow" finished-at="2022-10-24T17:55:55 ICT" duration-ms="5270" status="PASS">
          <reporter-output>
          </reporter-output>
        </test-method> <!-- refreshWindow -->
        <test-method signature="TC_002_Click_DoubleClick()[pri:0, instance:TestCases.ElementsPagesTest.ButtonsTest@df6620a]" started-at="2022-10-24T17:55:55 ICT" name="TC_002_Click_DoubleClick" finished-at="2022-10-24T17:55:55 ICT" duration-ms="168" status="PASS">
          <reporter-output>
          </reporter-output>
        </test-method> <!-- TC_002_Click_DoubleClick -->
        <test-method is-config="true" signature="refreshWindow()[pri:0, instance:TestCases.ElementsPagesTest.ButtonsTest@df6620a]" started-at="2022-10-24T17:55:55 ICT" name="refreshWindow" finished-at="2022-10-24T17:55:55 ICT" duration-ms="7" status="PASS">
          <reporter-output>
          </reporter-output>
        </test-method> <!-- refreshWindow -->
        <test-method signature="TC_003_Click_RightClick()[pri:0, instance:TestCases.ElementsPagesTest.ButtonsTest@df6620a]" started-at="2022-10-24T17:55:55 ICT" name="TC_003_Click_RightClick" finished-at="2022-10-24T17:55:56 ICT" duration-ms="747" status="PASS">
          <reporter-output>
          </reporter-output>
        </test-method> <!-- TC_003_Click_RightClick -->
        <test-method is-config="true" signature="refreshWindow()[pri:0, instance:TestCases.ElementsPagesTest.ButtonsTest@df6620a]" started-at="2022-10-24T17:55:56 ICT" name="refreshWindow" finished-at="2022-10-24T17:55:56 ICT" duration-ms="683" status="PASS">
          <reporter-output>
          </reporter-output>
        </test-method> <!-- refreshWindow -->
        <test-method signature="TC_004_Click_ClickMe()[pri:0, instance:TestCases.ElementsPagesTest.ButtonsTest@df6620a]" started-at="2022-10-24T17:55:56 ICT" name="TC_004_Click_ClickMe" finished-at="2022-10-24T17:55:56 ICT" duration-ms="52" status="PASS">
          <reporter-output>
          </reporter-output>
        </test-method> <!-- TC_004_Click_ClickMe -->
        <test-method is-config="true" signature="refreshWindow()[pri:0, instance:TestCases.ElementsPagesTest.ButtonsTest@df6620a]" started-at="2022-10-24T17:55:56 ICT" name="refreshWindow" finished-at="2022-10-24T17:55:59 ICT" duration-ms="2385" status="PASS">
          <reporter-output>
          </reporter-output>
        </test-method> <!-- refreshWindow -->
        <test-method is-config="true" signature="closeBrowser()[pri:0, instance:TestCases.ElementsPagesTest.ButtonsTest@df6620a]" started-at="2022-10-24T17:55:59 ICT" name="closeBrowser" finished-at="2022-10-24T17:56:01 ICT" duration-ms="2592" status="PASS">
          <reporter-output>
          </reporter-output>
        </test-method> <!-- closeBrowser -->
      </class> <!-- TestCases.ElementsPagesTest.ButtonsTest -->
      <class name="TestCases.ElementsPagesTest.LinksTest">
        <test-method is-config="true" signature="setupTest()[pri:0, instance:TestCases.ElementsPagesTest.LinksTest@662706a7]" started-at="2022-10-24T17:56:30 ICT" name="setupTest" finished-at="2022-10-24T17:56:37 ICT" duration-ms="6943" status="PASS">
          <reporter-output>
          </reporter-output>
        </test-method> <!-- setupTest -->
        <test-method signature="TC_001()[pri:0, instance:TestCases.ElementsPagesTest.LinksTest@662706a7]" started-at="2022-10-24T17:56:37 ICT" name="TC_001" finished-at="2022-10-24T17:56:37 ICT" duration-ms="346" status="PASS">
          <reporter-output>
          </reporter-output>
        </test-method> <!-- TC_001 -->
        <test-method is-config="true" signature="refreshWindow()[pri:0, instance:TestCases.ElementsPagesTest.LinksTest@662706a7]" started-at="2022-10-24T17:56:37 ICT" name="refreshWindow" finished-at="2022-10-24T17:56:44 ICT" duration-ms="6609" status="PASS">
          <reporter-output>
          </reporter-output>
        </test-method> <!-- refreshWindow -->
        <test-method is-config="true" signature="closeBrowser()[pri:0, instance:TestCases.ElementsPagesTest.LinksTest@662706a7]" started-at="2022-10-24T17:56:44 ICT" name="closeBrowser" finished-at="2022-10-24T17:56:44 ICT" duration-ms="697" status="PASS">
          <reporter-output>
          </reporter-output>
        </test-method> <!-- closeBrowser -->
      </class> <!-- TestCases.ElementsPagesTest.LinksTest -->
      <class name="TestCases.ElementsPagesTest.RadioButtonTest">
        <test-method is-config="true" signature="setupTest()[pri:0, instance:TestCases.ElementsPagesTest.RadioButtonTest@45a4b042]" started-at="2022-10-24T17:56:44 ICT" name="setupTest" finished-at="2022-10-24T17:56:52 ICT" duration-ms="7801" status="PASS">
          <reporter-output>
          </reporter-output>
        </test-method> <!-- setupTest -->
        <test-method signature="TC_001()[pri:0, instance:TestCases.ElementsPagesTest.RadioButtonTest@45a4b042]" started-at="2022-10-24T17:56:52 ICT" name="TC_001" description="Select Yes, Impressive and verify both of them selected respectively. Then select No, verify the text still shows Impressive, because No can not be selected." finished-at="2022-10-24T17:56:53 ICT" duration-ms="433" status="PASS">
          <reporter-output>
          </reporter-output>
        </test-method> <!-- TC_001 -->
        <test-method is-config="true" signature="refreshWindow()[pri:0, instance:TestCases.ElementsPagesTest.RadioButtonTest@45a4b042]" started-at="2022-10-24T17:56:53 ICT" name="refreshWindow" finished-at="2022-10-24T17:56:56 ICT" duration-ms="3643" status="PASS">
          <reporter-output>
          </reporter-output>
        </test-method> <!-- refreshWindow -->
        <test-method is-config="true" signature="closeBrowser()[pri:0, instance:TestCases.ElementsPagesTest.RadioButtonTest@45a4b042]" started-at="2022-10-24T17:56:56 ICT" name="closeBrowser" finished-at="2022-10-24T17:56:59 ICT" duration-ms="2602" status="PASS">
          <reporter-output>
          </reporter-output>
        </test-method> <!-- closeBrowser -->
      </class> <!-- TestCases.ElementsPagesTest.RadioButtonTest -->
      <class name="TestCases.ElementsPagesTest.DynamicPropertiesTest">
        <test-method is-config="true" signature="setupTest()[pri:0, instance:TestCases.ElementsPagesTest.DynamicPropertiesTest@19e7a160]" started-at="2022-10-24T17:56:14 ICT" name="setupTest" finished-at="2022-10-24T17:56:23 ICT" duration-ms="9174" status="PASS">
          <reporter-output>
          </reporter-output>
        </test-method> <!-- setupTest -->
        <test-method signature="TC_001_verify_EnabledAfter5SButton()[pri:0, instance:TestCases.ElementsPagesTest.DynamicPropertiesTest@19e7a160]" started-at="2022-10-24T17:56:23 ICT" name="TC_001_verify_EnabledAfter5SButton" finished-at="2022-10-24T17:56:28 ICT" duration-ms="5234" status="PASS">
          <reporter-output>
          </reporter-output>
        </test-method> <!-- TC_001_verify_EnabledAfter5SButton -->
        <test-method is-config="true" signature="refreshWindow()[pri:0, instance:TestCases.ElementsPagesTest.DynamicPropertiesTest@19e7a160]" started-at="2022-10-24T17:56:28 ICT" name="refreshWindow" finished-at="2022-10-24T17:56:29 ICT" duration-ms="932" status="PASS">
          <reporter-output>
          </reporter-output>
        </test-method> <!-- refreshWindow -->
        <test-method is-config="true" signature="closeBrowser()[pri:0, instance:TestCases.ElementsPagesTest.DynamicPropertiesTest@19e7a160]" started-at="2022-10-24T17:56:29 ICT" name="closeBrowser" finished-at="2022-10-24T17:56:30 ICT" duration-ms="550" status="PASS">
          <reporter-output>
          </reporter-output>
        </test-method> <!-- closeBrowser -->
      </class> <!-- TestCases.ElementsPagesTest.DynamicPropertiesTest -->
    </test> <!-- Command line test -->
  </suite> <!-- Command line suite -->
</testng-results>
