<?xml version="1.0" encoding="UTF-8" ?>
<testsuite tests="15" failures="0" name="TestSuite" time="14.124" errors="0" skipped="0">
  <properties>
[...]
</properties>
  <testcase classname="TestCases.ElementsPagesTest.ButtonsTest" name="TC_001_Click_3Buttons_respectively" time="0.649"/>
  <testcase classname="TestCases.ElementsPagesTest.ButtonsTest" name="TC_002_Click_DoubleClick" time="0.171"/>
  <testcase classname="TestCases.ElementsPagesTest.ButtonsTest" name="TC_003_Click_RightClick" time="0.747"/>
  <testcase classname="TestCases.ElementsPagesTest.ButtonsTest" name="TC_004_Click_ClickMe" time="0.054"/>
  <testcase classname="TestCases.ElementsPagesTest.CheckBoxTest" name="TC_0001_Check_HomeBox_And_Verify_HomeBox_Checked" time="0.135"/>
  <testcase classname="TestCases.ElementsPagesTest.CheckBoxTest" name="TC_0002_CheckOfficeBox_And_Verify_OfficeBox_Checked" time="0.199"/>
  <testcase classname="TestCases.ElementsPagesTest.DynamicPropertiesTest" name="TC_001_verify_EnabledAfter5SButton" time="5.236"/>
  <testcase classname="TestCases.ElementsPagesTest.LinksTest" name="TC_001" time="0.349"/>
  <testcase classname="TestCases.ElementsPagesTest.RadioButtonTest" name="TC_001" time="0.435"/>
  <testcase classname="TestCases.ElementsPagesTest.TextBoxTest" name="TC_001_Submit_TextBox_with_fullInformation_Successfully" time="1.026"/>
  <testcase classname="TestCases.ElementsPagesTest.TextBoxTest" name="TC_002_Submit_TextBox_without_anyInformation_Successfully" time="0.117"/>
  <testcase classname="TestCases.ElementsPagesTest.TextBoxTest" name="TC_003_Cannot_Submit_TextBox_with_invalidEmailFormat" time="3.272"/>
  <testcase classname="TestCases.ElementsPagesTest.TextBoxTest" name="TC_004_Submit_TextBox_without_FullName_Successfully" time="0.58"/>
  <testcase classname="TestCases.ElementsPagesTest.UploadDownloadTest" name="TC_001_UploadFileSuccessfully" time="0.064"/>
  <testcase classname="TestCases.ElementsPagesTest.UploadDownloadTest" name="TC_002_DownloadFileSuccessfully" time="1.09"/>
</testsuite>